(---------------------------------------------------------------------)
(                                                                     )
(    Refresh Padstack                                                 )
(                                                                     )
(    Drawing          : USB.dra                                       )
(    Software Version : 17.2S083                                      )
(    Date/Time        : Thu Jan 05 19:35:19 2023                      )
(                                                                     )
(---------------------------------------------------------------------)


Thu Jan 05 19:35:19 2023				Page     1


------ Pad Stack Refresh Options ------

Input design  = 'D:/Cadence/cdssetup/ORCAD_CAPTURE/17.2.0/ORCAD_PERSONAL_LIBRARY/FOOTPRINTS/USB.dra'
Output design = ''
Reset symbol text and size locations   = 'NO'


------ Library Paths ------
PSMPATH =  . 
           symbols 
           .. 
           ../symbols 
           d:/cadence/share/local/pcb/symbols 
           d:/cadence/share/pcb/pcb_lib/symbols 
           d:/cadence/share/pcb/allegrolib/symbols 
           D:/Cadence/cdssetup/OrCAD_Capture/17.2.0/ORCAD_PERSONAL_LIBRARY/FOOTPRINTS/ 

PADPATH =  . 
           symbols 
           .. 
           ../symbols 
           d:/cadence/share/local/pcb/padstacks 
           d:/cadence/share/pcb/pcb_lib/symbols 
           d:/cadence/share/pcb/allegrolib/symbols 
           D:/Cadence/cdssetup/OrCAD_Capture/17.2.0/ORCAD_PERSONAL_LIBRARY/PADSTACK/ 


------ Pad Stack Refresh Messages ------

'SMD_RECT_W06_H115'  pad stack refresh starting.

     'SMD_RECT_W06_H115'  pad stack refreshed successfully.
     
'TH_CIRCLE_D065'  pad stack refresh starting.

     'TH_CIRCLE_D065'  pad stack refreshed successfully.
     
'SMD_RECT_W218_H200'  pad stack refresh starting.

     'SMD_RECT_W218_H200'  pad stack refreshed successfully.
     
'SMD_RECT_W03_H115'  pad stack refresh starting.

     'SMD_RECT_W03_H115'  pad stack refreshed successfully.
     
Completed refreshing all pad stacks successfully.
