{ Using PSTWRITER 17.2.0 d001Dec-28-2022 at 17:50:22 }

#1 WARNING(ORCAP-36042): Pin "VSS" is renamed to "VSS#3" as visible power pin of same name already exists in Package CC2460F128RSM , U1: SCHEMATIC1, MCU (3.50, 0.40).
#2 WARNING(ORCAP-36042): Pin "VSS" is renamed to "VSS#7" as visible power pin of same name already exists in Package CC2460F128RSM , U1: SCHEMATIC1, MCU (3.50, 0.40).
#3 WARNING(ORCAP-36042): Pin "VSS" is renamed to "VSS#17" as visible power pin of same name already exists in Package CC2460F128RSM , U1: SCHEMATIC1, MCU (3.50, 0.40).
#4 WARNING(ORCAP-36042): Pin "VSS" is renamed to "VSS#20" as visible power pin of same name already exists in Package CC2460F128RSM , U1: SCHEMATIC1, MCU (3.50, 0.40).
#5 WARNING(ORCAP-36042): Pin "VSS" is renamed to "VSS#29" as visible power pin of same name already exists in Package CC2460F128RSM , U1: SCHEMATIC1, MCU (3.50, 0.40).
#6 WARNING(ORCAP-36006): Part Name "FTSH-105-01-F-DV-K_JTAG_FTSH-105-01-F-DV-K" is renamed to "FTSH-105-01-F-DV-K_JTAG_FTSH-10".
#7 WARNING(ORCAP-36042): Pin "GND" is renamed to "GND#3" as visible power pin of same name already exists in Package FTSH-105-01-F-DV-K , U10: SCHEMATIC1, Peripheral (7.00, 4.40).
#8 WARNING(ORCAP-36042): Pin "GND" is renamed to "GND#5" as visible power pin of same name already exists in Package FTSH-105-01-F-DV-K , U10: SCHEMATIC1, Peripheral (7.00, 4.40).
#9 WARNING(ORCAP-36042): Pin "GND" is renamed to "GND#9" as visible power pin of same name already exists in Package FTSH-105-01-F-DV-K , U10: SCHEMATIC1, Peripheral (7.00, 4.40).
#10 WARNING(ORCAP-36006): Part Name "HU-2477N-1-LF_0_LIR_HU-2477N-1-LF" is renamed to "HU-2477N-1-LF_0_LIR_HU-2477N-1-".
#11 WARNING(ORCAP-36042): Pin "GND" is renamed to "GND#A1" as visible power pin of same name already exists in Package USB4110-GF-A , U16: SCHEMATIC1, Power (2.30, 3.90).
#12 WARNING(ORCAP-36042): Pin "Vbus" is renamed to "VBUS#A4" as visible power pin of same name already exists in Package USB4110-GF-A , U16: SCHEMATIC1, Power (2.30, 3.90).
#13 WARNING(ORCAP-36042): Pin "Vbus" is renamed to "VBUS#A9" as visible power pin of same name already exists in Package USB4110-GF-A , U16: SCHEMATIC1, Power (2.30, 3.90).
#14 WARNING(ORCAP-36042): Pin "GND" is renamed to "GND#B1" as visible power pin of same name already exists in Package USB4110-GF-A , U16: SCHEMATIC1, Power (2.30, 3.90).
#15 WARNING(ORCAP-36042): Pin "GND" is renamed to "GND#A12" as visible power pin of same name already exists in Package USB4110-GF-A , U16: SCHEMATIC1, Power (2.30, 3.90).
#16 WARNING(ORCAP-36042): Pin "Vbus" is renamed to "VBUS#B4" as visible power pin of same name already exists in Package USB4110-GF-A , U16: SCHEMATIC1, Power (2.30, 3.90).
#17 WARNING(ORCAP-36042): Pin "Vbus" is renamed to "VBUS#B9" as visible power pin of same name already exists in Package USB4110-GF-A , U16: SCHEMATIC1, Power (2.30, 3.90).
#18 WARNING(ORCAP-36042): Pin "GND" is renamed to "GND#B12" as visible power pin of same name already exists in Package USB4110-GF-A , U16: SCHEMATIC1, Power (2.30, 3.90).
#19 WARNING(ORCAP-36006): Part Name "MCSJK-7E-24.00-8-10-60-B-10_X24M_MCSJK-7E-24.00-8-10-60-B-10" is renamed to "MCSJK-7E-24.00-8-10-60-B-10_X24".
#20 WARNING(ORCAP-36042): Pin "GND" is renamed to "GND#2" as visible power pin of same name already exists in Package MCSJK-7E-24.00-8-10-60-B-10 , U3: SCHEMATIC1, MCU (6.60, 4.40).
#21 WARNING(ORCAP-36042): Pin "GND" is renamed to "GND#4" as visible power pin of same name already exists in Package MCSJK-7E-24.00-8-10-60-B-10 , U3: SCHEMATIC1, MCU (6.60, 4.40).
#22 WARNING(ORCAP-36006): Part Name "QTC33276809B2R_0_X32K_QTC332.76809B2R" is renamed to "QTC33276809B2R_0_X32K_QTC332.76".
#23 WARNING(ORCAP-36042): Pin "VCC" is renamed to "VCC#1" as visible power pin of same name already exists in Package PMSA003I , U5: SCHEMATIC1, Peripheral (2.30, 1.40).
#24 WARNING(ORCAP-36042): Pin "VCC" is renamed to "VCC#2" as visible power pin of same name already exists in Package PMSA003I , U5: SCHEMATIC1, Peripheral (2.30, 1.40).
#25 WARNING(ORCAP-36042): Pin "GND" is renamed to "GND#3" as visible power pin of same name already exists in Package PMSA003I , U5: SCHEMATIC1, Peripheral (2.30, 1.40).
#26 WARNING(ORCAP-36042): Pin "GND" is renamed to "GND#4" as visible power pin of same name already exists in Package PMSA003I , U5: SCHEMATIC1, Peripheral (2.30, 1.40).
#27 WARNING(ORCAP-36006): Part Name "LPS-1301_9314_24_LPS_LPS-1301_9314_24" is renamed to "LPS-1301_9314_24_LPS_LPS-1301_9".
INFO(ORCAP-36080): Scanning netlist files ...

Loading... D:\CADENCE\CDSSETUP\ORCAD_CAPTURE\17.2.0\SCHEMATIC_FINALPROJECT\allegro/pstchip.dat

Loading... D:\CADENCE\CDSSETUP\ORCAD_CAPTURE\17.2.0\SCHEMATIC_FINALPROJECT\allegro/pstchip.dat

Loading... D:\CADENCE\CDSSETUP\ORCAD_CAPTURE\17.2.0\SCHEMATIC_FINALPROJECT\allegro/pstchip.dat

Loading... D:\CADENCE\CDSSETUP\ORCAD_CAPTURE\17.2.0\SCHEMATIC_FINALPROJECT\allegro/pstxnet.dat
packaging the design view...