(---------------------------------------------------------------------)
(                                                                     )
(    ARTWORK LOG                                                      )
(                                                                     )
(    Drawing          : AIRQUALITYBLUETOOTHSENSOR.brd                 )
(    Software Version : 17.2S083                                      )
(    Date/Time        : Tue Jan 24 15:05:17 2023                      )
(                                                                     )
(---------------------------------------------------------------------)


 ---- Photoplot outline rectangle not found; using drawing extents.



Results from parameter file ...
    DEVICE-TYPE           GERBER_RS274X
    OUTPUT-UNITS          MM
    FILM-SIZE             2400000 1600000
    FORMAT                2.5
    ABORT-ON-ERROR        NO
    SCALE                 1
    SUPPRESS-LEAD-ZEROES  YES
    SUPPRESS-TRAIL-ZEROES NO
    SUPPRESS-EQUAL        YES
    UNDEF-APT-CONT        NO



================================================================
     PROCESSING FILM < TOP >
     TO FILE < D:/Cadence/cdssetup/OrCAD_Capture/17.2.0/Schematic_FinalProject/allegro/TOP.art > ...
================================================================

  FILM PARAMETERS :
  ---------------------------------------------------------
  Undefined line width                0.1000
  Mirror code                         NONE
  Rotate angle                        NONE
  Offset x:                           0.0000
  Offset y:                           0.0000
  Plot negative                       NO
  Suppress unconnected internal pads  NO
  Draw holes only                     NO



  APERTURES USED:
  ---------------------------------------------------------
  TYPE       SIZE/NAME                   ROT   MIRROR MODE 
  ---------------------------------------------------------
  CIRCLE     0.10000                                  DARK 
  CIRCLE     0.20000                                  DARK 
  CIRCLE     0.25000                                  DARK 
  CIRCLE     0.65000                                  DARK 
  CIRCLE     1.30000                                  DARK 
  CIRCLE     1.60000                                  DARK 
  RECTANGLE  0.30000     x 1.15000       0.000 NO     DARK 
  RECTANGLE  0.50000     x 0.50000      90.000 NO     DARK 
  RECTANGLE  0.50000     x 0.60000      90.000 NO     DARK 
  RECTANGLE  0.60000     x 1.10000      90.000 NO     DARK 
  RECTANGLE  0.60000     x 1.15000       0.000 NO     DARK 
  RECTANGLE  0.74000     x 2.79000       0.000 NO     DARK 
  RECTANGLE  0.75000     x 0.90000       0.000 NO     DARK 
  RECTANGLE  0.75000     x 0.90000      90.000 NO     DARK 
  RECTANGLE  0.90000     x 0.50000      90.000 NO     DARK 
  RECTANGLE  0.98000     x 3.40000      90.000 NO     DARK 
  RECTANGLE  1.00000     x 0.90000       0.000 NO     DARK 
  RECTANGLE  1.00000     x 1.80000       0.000 NO     DARK 
  RECTANGLE  2.18000     x 2.00000       0.000 NO     DARK 
  PAD SHAPE  ROUNDED_RECTANGLE ,500.00   0.000 NO     DARK 
  PAD SHAPE  ROUNDED_RECTANGLE ,500.00   0.000 NO     DARK 
  PAD SHAPE  ROUNDED_RECTANGLE ,500.00  89.987 NO     DARK 
  PAD SHAPE  ROUNDED_RECTANGLE ,500.00  90.000 NO     DARK 
  PAD SHAPE  ROUNDED_RECTANGLE ,500.00  90.117 NO     DARK 
  PAD SHAPE  ROUNDED_RECTANGLE ,1167.0 270.000 NO     DARK 

     TOP created.


================================================================
     PROCESSING FILM < OUTLINE >
     TO FILE < D:/Cadence/cdssetup/OrCAD_Capture/17.2.0/Schematic_FinalProject/allegro/OUTLINE.art > ...
================================================================

  FILM PARAMETERS :
  ---------------------------------------------------------
  Undefined line width                0.1000
  Mirror code                         NONE
  Rotate angle                        NONE
  Offset x:                           0.0000
  Offset y:                           0.0000
  Plot negative                       NO
  Suppress unconnected internal pads  NO
  Draw holes only                     NO



  APERTURES USED:
  ---------------------------------------------------------
  TYPE       SIZE/NAME                   ROT   MIRROR MODE 
  ---------------------------------------------------------
  CIRCLE     0.10000                                  DARK 

     OUTLINE created.


================================================================
     PROCESSING FILM < PM_BOT >
     TO FILE < D:/Cadence/cdssetup/OrCAD_Capture/17.2.0/Schematic_FinalProject/allegro/PM_BOT.art > ...
================================================================

  FILM PARAMETERS :
  ---------------------------------------------------------
  Undefined line width                0.1000
  Mirror code                         NONE
  Rotate angle                        NONE
  Offset x:                           0.0000
  Offset y:                           0.0000
  Plot negative                       NO
  Suppress unconnected internal pads  NO
  Draw holes only                     NO



  APERTURES USED:
  ---------------------------------------------------------
  TYPE       SIZE/NAME                   ROT   MIRROR MODE 
  ---------------------------------------------------------
  CIRCLE     0.10000                                  DARK 
  RECTANGLE  0.65000     x 0.80000       0.000 NO     DARK 
  RECTANGLE  0.65000     x 0.80000      90.000 NO     DARK 
  RECTANGLE  2.50000     x 3.00000      90.000 NO     DARK 

     PM_BOT created.


================================================================
     PROCESSING FILM < PM_TOP >
     TO FILE < D:/Cadence/cdssetup/OrCAD_Capture/17.2.0/Schematic_FinalProject/allegro/PM_TOP.art > ...
================================================================

  FILM PARAMETERS :
  ---------------------------------------------------------
  Undefined line width                0.1000
  Mirror code                         NONE
  Rotate angle                        NONE
  Offset x:                           0.0000
  Offset y:                           0.0000
  Plot negative                       NO
  Suppress unconnected internal pads  NO
  Draw holes only                     NO



  APERTURES USED:
  ---------------------------------------------------------
  TYPE       SIZE/NAME                   ROT   MIRROR MODE 
  ---------------------------------------------------------
  CIRCLE     0.10000                                  DARK 
  RECTANGLE  0.15000     x 0.85000       0.000 NO     DARK 
  RECTANGLE  0.30000     x 0.30000      90.000 NO     DARK 
  RECTANGLE  0.45000     x 0.55000      90.000 NO     DARK 
  RECTANGLE  0.45000     x 0.85000       0.000 NO     DARK 
  RECTANGLE  0.50000     x 2.55000       0.000 NO     DARK 
  RECTANGLE  0.51000     x 0.60000      90.000 NO     DARK 
  RECTANGLE  0.65000     x 0.80000       0.000 NO     DARK 
  RECTANGLE  0.65000     x 0.80000      90.000 NO     DARK 
  RECTANGLE  0.70000     x 0.30000      90.000 NO     DARK 
  RECTANGLE  0.80000     x 0.70000       0.000 NO     DARK 
  RECTANGLE  0.80000     x 1.60000       0.000 NO     DARK 
  RECTANGLE  0.90000     x 3.00000      90.000 NO     DARK 
  RECTANGLE  1.75000     x 1.50000       0.000 NO     DARK 
  FLASH SYM  SQUARE_L123                 0.000 NO     DARK 
  PAD SHAPE  ROUNDED_RECTANGLE ,500.00   0.000 NO     DARK 
  PAD SHAPE  ROUNDED_RECTANGLE ,500.00  89.987 NO     DARK 
  PAD SHAPE  ROUNDED_RECTANGLE ,500.00  90.000 NO     DARK 
  PAD SHAPE  ROUNDED_RECTANGLE ,500.00  90.117 NO     DARK 
  PAD SHAPE  ROUNDED_RECTANGLE ,1000.0 270.000 NO     DARK 

     PM_TOP created.


================================================================
     PROCESSING FILM < SILK_BOT >
     TO FILE < D:/Cadence/cdssetup/OrCAD_Capture/17.2.0/Schematic_FinalProject/allegro/SILK_BOT.art > ...
================================================================

  FILM PARAMETERS :
  ---------------------------------------------------------
  Undefined line width                0.1000
  Mirror code                         NONE
  Rotate angle                        NONE
  Offset x:                           0.0000
  Offset y:                           0.0000
  Plot negative                       NO
  Suppress unconnected internal pads  NO
  Draw holes only                     NO

    WARNING: text composed 0 width line found at (5.6400 18.1300)
           ... using undefined line width of 0.1000

    WARNING: text having Multiple 0 width lines; all will be treated the same as the first.
           ... using undefined line width of 0.1000



  APERTURES USED:
  ---------------------------------------------------------
  TYPE       SIZE/NAME                   ROT   MIRROR MODE 
  ---------------------------------------------------------
  CIRCLE     0.10000                                  DARK 

     SILK_BOT created with warnings


================================================================
     PROCESSING FILM < SILK_TOP >
     TO FILE < D:/Cadence/cdssetup/OrCAD_Capture/17.2.0/Schematic_FinalProject/allegro/SILK_TOP.art > ...
================================================================

  FILM PARAMETERS :
  ---------------------------------------------------------
  Undefined line width                0.1000
  Mirror code                         NONE
  Rotate angle                        NONE
  Offset x:                           0.0000
  Offset y:                           0.0000
  Plot negative                       NO
  Suppress unconnected internal pads  NO
  Draw holes only                     NO



  APERTURES USED:
  ---------------------------------------------------------
  TYPE       SIZE/NAME                   ROT   MIRROR MODE 
  ---------------------------------------------------------
  CIRCLE     0.10000                                  DARK 

     SILK_TOP created.


================================================================
     PROCESSING FILM < SM_BOT >
     TO FILE < D:/Cadence/cdssetup/OrCAD_Capture/17.2.0/Schematic_FinalProject/allegro/SM_BOT.art > ...
================================================================

  FILM PARAMETERS :
  ---------------------------------------------------------
  Undefined line width                0.1000
  Mirror code                         NONE
  Rotate angle                        NONE
  Offset x:                           0.0000
  Offset y:                           0.0000
  Plot negative                       NO
  Suppress unconnected internal pads  NO
  Draw holes only                     NO



  APERTURES USED:
  ---------------------------------------------------------
  TYPE       SIZE/NAME                   ROT   MIRROR MODE 
  ---------------------------------------------------------
  CIRCLE     0.10000                                  DARK 
  CIRCLE     0.45000                                  DARK 
  CIRCLE     0.65000                                  DARK 
  CIRCLE     1.30000                                  DARK 
  CIRCLE     1.60000                                  DARK 
  RECTANGLE  0.75000     x 0.90000       0.000 NO     DARK 
  RECTANGLE  0.75000     x 0.90000      90.000 NO     DARK 
  RECTANGLE  2.65000     x 3.55000      90.000 NO     DARK 

     SM_BOT created.


================================================================
     PROCESSING FILM < SM_TOP >
     TO FILE < D:/Cadence/cdssetup/OrCAD_Capture/17.2.0/Schematic_FinalProject/allegro/SM_TOP.art > ...
================================================================

  FILM PARAMETERS :
  ---------------------------------------------------------
  Undefined line width                0.1000
  Mirror code                         NONE
  Rotate angle                        NONE
  Offset x:                           0.0000
  Offset y:                           0.0000
  Plot negative                       NO
  Suppress unconnected internal pads  NO
  Draw holes only                     NO



  APERTURES USED:
  ---------------------------------------------------------
  TYPE       SIZE/NAME                   ROT   MIRROR MODE 
  ---------------------------------------------------------
  CIRCLE     0.10000                                  DARK 
  CIRCLE     0.45000                                  DARK 
  CIRCLE     0.65000                                  DARK 
  CIRCLE     1.30000                                  DARK 
  CIRCLE     1.60000                                  DARK 
  RECTANGLE  0.30000     x 1.15000       0.000 NO     DARK 
  RECTANGLE  0.50000     x 0.50000      90.000 NO     DARK 
  RECTANGLE  0.50000     x 0.60000      90.000 NO     DARK 
  RECTANGLE  0.60000     x 1.10000      90.000 NO     DARK 
  RECTANGLE  0.60000     x 1.15000       0.000 NO     DARK 
  RECTANGLE  0.74000     x 2.79000       0.000 NO     DARK 
  RECTANGLE  0.75000     x 0.90000       0.000 NO     DARK 
  RECTANGLE  0.75000     x 0.90000      90.000 NO     DARK 
  RECTANGLE  0.90000     x 0.50000      90.000 NO     DARK 
  RECTANGLE  0.98000     x 3.40000      90.000 NO     DARK 
  RECTANGLE  1.50000     x 1.40000       0.000 NO     DARK 
  RECTANGLE  1.50000     x 2.30000       0.000 NO     DARK 
  RECTANGLE  2.18000     x 2.00000       0.000 NO     DARK 
  PAD SHAPE  ROUNDED_RECTANGLE ,9333.0   0.000 NO     DARK 
  PAD SHAPE  ROUNDED_RECTANGLE ,500.00   0.000 NO     DARK 
  PAD SHAPE  ROUNDED_RECTANGLE ,500.00  89.987 NO     DARK 
  PAD SHAPE  ROUNDED_RECTANGLE ,500.00  90.000 NO     DARK 
  PAD SHAPE  ROUNDED_RECTANGLE ,500.00  90.117 NO     DARK 
  PAD SHAPE  ROUNDED_RECTANGLE ,1167.0 270.000 NO     DARK 

     SM_TOP created.


================================================================
     PROCESSING FILM < BOTTOM >
     TO FILE < D:/Cadence/cdssetup/OrCAD_Capture/17.2.0/Schematic_FinalProject/allegro/BOTTOM.art > ...
================================================================

  FILM PARAMETERS :
  ---------------------------------------------------------
  Undefined line width                0.1000
  Mirror code                         NONE
  Rotate angle                        NONE
  Offset x:                           0.0000
  Offset y:                           0.0000
  Plot negative                       NO
  Suppress unconnected internal pads  NO
  Draw holes only                     NO



  APERTURES USED:
  ---------------------------------------------------------
  TYPE       SIZE/NAME                   ROT   MIRROR MODE 
  ---------------------------------------------------------
  CIRCLE     0.10000                                  DARK 
  CIRCLE     0.20000                                  DARK 
  CIRCLE     0.25000                                  DARK 
  CIRCLE     0.65000                                  DARK 
  CIRCLE     1.30000                                  DARK 
  CIRCLE     1.60000                                  DARK 
  RECTANGLE  0.75000     x 0.90000       0.000 NO     DARK 
  RECTANGLE  0.75000     x 0.90000      90.000 NO     DARK 
  RECTANGLE  2.60000     x 3.50000      90.000 NO     DARK 

     BOTTOM created.


------------------------------------------------------
 SUMMARY:
        TOP created.
        OUTLINE created.
        PM_BOT created.
        PM_TOP created.
        SILK_BOT created with warnings
        SILK_TOP created.
        SM_BOT created.
        SM_TOP created.
        BOTTOM created.

 ARTWORK had warnings
