(---------------------------------------------------------------------)
(                                                                     )
(    Refresh Padstack                                                 )
(                                                                     )
(    Drawing          : AIRQUALITYBLUETOOTHSENSOR.brd                 )
(    Software Version : 17.2S083                                      )
(    Date/Time        : Wed Dec 28 17:04:30 2022                      )
(                                                                     )
(---------------------------------------------------------------------)


Wed Dec 28 17:04:30 2022				Page     1


------ Pad Stack Refresh Options ------

Input design  = 'D:/Cadence/cdssetup/OrCAD_Capture/17.2.0/Schematic_FinalProject/allegro/AIRQUALITYBLUETOOTHSENSOR.brd'
Output design = ''
Reset symbol text and size locations   = 'NO'


------ Library Paths ------
PSMPATH =  . 
           symbols 
           .. 
           ../symbols 
           D:/Cadence/share/local/pcb/symbols 
           D:/Cadence/share/pcb/pcb_lib/symbols 
           D:/Cadence/share/pcb/allegrolib/symbols 
           D:/Cadence/cdssetup/OrCAD_Capture/17.2.0/ORCAD_PERSONAL_LIBRARY/FOOTPRINTS/ 

PADPATH =  . 
           symbols 
           .. 
           ../symbols 
           D:/Cadence/share/local/pcb/padstacks 
           D:/Cadence/share/pcb/pcb_lib/symbols 
           D:/Cadence/share/pcb/allegrolib/symbols 
           D:/Cadence/cdssetup/OrCAD_Capture/17.2.0/ORCAD_PERSONAL_LIBRARY/PADSTACK/ 


------ Pad Stack Refresh Messages ------

'VIA'  pad stack refresh starting.

     'VIA'  pad stack refreshed successfully.
     
'SMD_RECT_W075_H09'  pad stack refresh starting.

     'SMD_RECT_W075_H09'  pad stack refreshed successfully.
     
'SMD_RECT_W098_H34'  pad stack refresh starting.

     'SMD_RECT_W098_H34'  pad stack refreshed successfully.
     
'SMD_ROUNDRECT_H28'  pad stack refresh starting.

     'SMD_ROUNDRECT_H28'  pad stack refreshed successfully.
     
'SMD_ROUNDRECT_W06_H025_R005'  pad stack refresh starting.

     'SMD_ROUNDRECT_W06_H025_R005'  pad stack refreshed successfully.
     
'SMD_RECT_W074_H279'  pad stack refresh starting.

     'SMD_RECT_W074_H279'  pad stack refreshed successfully.
     
'SMD_RECT_W05_H06'  pad stack refresh starting.

     'SMD_RECT_W05_H06'  pad stack refreshed successfully.
     
'TH_CIRCLE_D11'  pad stack refresh starting.

     'TH_CIRCLE_D11'  pad stack refreshed successfully.
     
'SMD_RECT_W06_H11'  pad stack refresh starting.

     'SMD_RECT_W06_H11'  pad stack refreshed successfully.
     
'SMD_ROUNDRECT_W067_H03'  pad stack refresh starting.

     'SMD_ROUNDRECT_W067_H03'  pad stack refreshed successfully.
     
'SMD_RECT_W218_H200'  pad stack refresh starting.

     'SMD_RECT_W218_H200'  pad stack refreshed successfully.
     
'TH_CIRCLE_D065'  pad stack refresh starting.

     'TH_CIRCLE_D065'  pad stack refreshed successfully.
     
'SMD_RECT_W06_H115'  pad stack refresh starting.

     'SMD_RECT_W06_H115'  pad stack refreshed successfully.
     
'SMD_RECT_W03_H115'  pad stack refresh starting.

     'SMD_RECT_W03_H115'  pad stack refreshed successfully.
     
'TH_CIRCLE_D09'  pad stack refresh starting.

     'TH_CIRCLE_D09'  pad stack refreshed successfully.
     
'SMD_RECT_W09_H05'  pad stack refresh starting.

     'SMD_RECT_W09_H05'  pad stack refreshed successfully.
     
'SMD_SQUARE_L05'  pad stack refresh starting.

     'SMD_SQUARE_L05'  pad stack refreshed successfully.
     
'SMD_RECT_W10_H09'  pad stack refresh starting.

     'SMD_RECT_W10_H09'  pad stack refreshed successfully.
     
'SMD_RECT_W10_H18'  pad stack refresh starting.

     'SMD_RECT_W10_H18'  pad stack refreshed successfully.
     
Completed refreshing all pad stacks successfully.
