Thu Dec 29 13:49:34 2022				Page     1


 
Update Symbols/Modules Logfile
	Thu Dec 29 13:49:34 2022

------ Module Refresh Messages ------

SUMMARY:    Updated 0 out of 0 modules

------ End Module Messages     ------



(---------------------------------------------------------------------)
(                                                                     )
(    Refresh Symbol                                                   )
(                                                                     )
(    Drawing          : AIRQUALITYBLUETOOTHSENSOR.brd                 )
(    Software Version : 17.2S083                                      )
(    Date/Time        : Thu Dec 29 13:49:34 2022                      )
(                                                                     )
(---------------------------------------------------------------------)


Thu Dec 29 13:49:34 2022				Page     1


------ Symbol Refresh Directives ------

Input design  = 'D:/CADENCE/CDSSETUP/ORCAD_CAPTURE/17.2.0/SCHEMATIC_FINALPROJECT/allegro/AIRQUALITYBLUETOOTHSENSOR.brd'
Output design = ''

Update mechanical symbols              = 'NO'
Update format symbols                  = 'NO'
Update package symbols                 = 'YES'
Update shape/flash symbols             = 'YES'
Update symbol padstacks                = 'NO'
Preserve padstacks replaced on pins    = 'NO'
Reset symbol text and size locations   = 'NO'
Reset Pin Escapes (fanouts)            = 'NO'
Ripup Etch                             = 'NO'
Reset custom drill data                = 'NO'


------ Library Paths ------
PSMPATH =  . 
           symbols 
           .. 
           ../symbols 
           D:/Cadence/share/local/pcb/symbols 
           D:/Cadence/share/pcb/pcb_lib/symbols 
           D:/Cadence/share/pcb/allegrolib/symbols 
           D:/Cadence/cdssetup/OrCAD_Capture/17.2.0/ORCAD_PERSONAL_LIBRARY/FOOTPRINTS/ 

PADPATH =  . 
           symbols 
           .. 
           ../symbols 
           D:/Cadence/share/local/pcb/padstacks 
           D:/Cadence/share/pcb/pcb_lib/symbols 
           D:/Cadence/share/pcb/allegrolib/symbols 
           D:/Cadence/cdssetup/OrCAD_Capture/17.2.0/ORCAD_PERSONAL_LIBRARY/PADSTACK/ 


------ Symbol Refresh Messages ------

'SML'  symbol refreshed successfully.
'0603R'  symbol refreshed successfully.
'TPS'  symbol refreshed successfully.
'PM2_5'  symbol refreshed successfully.
'X32K'  symbol refreshed successfully.
'JTAG'  symbol refreshed successfully.
'X24M'  symbol refreshed successfully.
'0603L'  symbol refreshed successfully.
'0603C'  symbol refreshed successfully.
'PATCH_AN043'  symbol refreshed successfully.
'MCU'  symbol refreshed successfully.
'AB00'  symbol refreshed successfully.
'SQUARE_L123'  symbol refreshed successfully.


----- Symbol Update Summary ----

Updated symbols: 13 out 13
    Design updated.

